
Collecting usage statistics. To deactivate, set browser.gatherUsageStats to false.

2026-06-22 20:27:41.448 Uvicorn server started on 0.0.0.0:8501

  You can now view your Streamlit app in your browser.

  Local URL: http://localhost:8501
  Network URL: http://172.28.0.12:8501
  External URL: http://8.235.115.154:8501

  Stopping...

Collecting usage statistics. To deactivate, set browser.gatherUsageStats to false.

2026-06-22 20:35:27.087 Uvicorn server started on 0.0.0.0:8501

  You can now view your Streamlit app in your browser.

  Local URL: http://localhost:8501
  Network URL: http://172.28.0.12:8501
  External URL: http://8.235.115.154:8501

[31m──[0m[31m────────────────────────[0m[31m [0m[1;31mTraceback [0m[1;2;31m(most recent call last)[0m[31m [0m[31m─────────────────────────[0m[31m──[0m
[31m [0m [2;33m/usr/local/lib/python3.12/dist-packages/streamlit/runtime/scriptrunner/[0m[1;33mexec_code.py[0m: [31m [0m
[31m [0m [94m129[0m in [92mexec_func_with_error_handling[0m                                                 [31m [0m
[31m [0m                                                                                      [31m [0m
[31m [0m [2;33m/usr/local/lib/python3.12/dist-packages/streamlit/runtime/scriptrunner/[0m[1;33mscript_runner[0m [31m [0m
[31m [0m [1;33m.py[0m:[94m787[0m in [92mcode_to_exec[0m                                                              [31m [0m
[31m [0m                                                                                      [31m [0m
[31m [0m [2;33m/usr/local/lib/python3.12/dist-packages/streamlit/runtime/scriptrunner/[0m[1;33mscript_runner[0m [31m [0m
[31m [0m [1;33m.py[0m:[94m171[0m in [92m_mpa_v1[0m                                                                   [31m [0m
[31m [0m                                                                                      [31m [0m
[31m [0m [2;33m/usr/local/lib/python3.12/dist-packages/streamlit/navigation/[0m[1;33mpage.py[0m:[94m490[0m in [92mrun[0m      [31m [0m
[31m [0m                                                                                      [31m [0m
[31m [0m [2;33m/content/drive/MyDrive/Smart_Retail_Project/app/pages/[0m[1;33m1_Customer_Segmentation.py[0m:[94m11[0m  [31m [0m
[31m [0m in [92m<module>[0m                                                                          [31m [0m
[31m [0m                                                                                      [31m [0m
[31m [0m   [2m 8 [0mst.markdown([33m'[0m[33m---[0m[33m'[0m)                                                              [31m [0m
[31m [0m   [2m 9 [0m                                                                                [31m [0m
[31m [0m   [2m10 [0mBASE = os.path.dirname(os.path.dirname(os.path.abspath([91m__file__[0m)))              [31m [0m
[31m [0m [31m❱ [0m11 rfm = [1;4mpd.read_csv(os.path.join(BASE, [0m[1;4;33m'[0m[1;4;33mdata/rfm_clustered.csv[0m[1;4;33m'[0m[1;4m))[0m                 [31m [0m
[31m [0m   [2m12 [0m                                                                                [31m [0m
[31m [0m   [2m13 [0mst.subheader([33m'[0m[33m📊 Customer Segments Overview[0m[33m'[0m)                                   [31m [0m
[31m [0m   [2m14 [0mcol1, col2, col3, col4 = st.columns([94m4[0m)                                          [31m [0m
[31m [0m                                                                                      [31m [0m
[31m [0m [2;33m/usr/local/lib/python3.12/dist-packages/pandas/io/parsers/[0m[1;33mreaders.py[0m:[94m1026[0m in         [31m [0m
[31m [0m [92mread_csv[0m                                                                             [31m [0m
[31m [0m                                                                                      [31m [0m
[31m [0m   [2m1023 [0m[2m│   [0m)                                                                         [31m [0m
[31m [0m   [2m1024 [0m[2m│   [0mkwds.update(kwds_defaults)                                                [31m [0m
[31m [0m   [2m1025 [0m[2m│   [0m                                                                          [31m [0m
[31m [0m [31m❱ [0m1026 [2m│   [0m[94mreturn[0m [1;4m_read(filepath_or_buffer, kwds)[0m                                    [31m [0m
[31m [0m   [2m1027 [0m                                                                              [31m [0m
[31m [0m   [2m1028 [0m                                                                              [31m [0m
[31m [0m   [2m1029 [0m[2m# iterator=True -> TextFileReader[0m                                             [31m [0m
[31m [0m                                                                                      [31m [0m
[31m [0m [2;33m/usr/local/lib/python3.12/dist-packages/pandas/io/parsers/[0m[1;33mreaders.py[0m:[94m620[0m in [92m_read[0m    [31m [0m
[31m [0m                                                                                      [31m [0m
[31m [0m   [2m 617 [0m[2m│   [0m_validate_names(kwds.get([33m"[0m[33mnames[0m[33m"[0m, [94mNone[0m))                                  [31m [0m
[31m [0m   [2m 618 [0m[2m│   [0m                                                                          [31m [0m
[31m [0m   [2m 619 [0m[2m│   [0m[2m# Create the parser.[0m                                                      [31m [0m
[31m [0m [31m❱ [0m 620 [2m│   [0mparser = [1;4mTextFileReader(filepath_or_buffer, **kwds)[0m                       [31m [0m
[31m [0m   [2m 621 [0m[2m│   [0m                                                                          [31m [0m
[31m [0m   [2m 622 [0m[2m│   [0m[94mif[0m chunksize [95mor[0m iterator:                                                 [31m [0m
[31m [0m   [2m 623 [0m[2m│   │   [0m[94mreturn[0m parser                                                         [31m [0m
[31m [0m                                                                                      [31m [0m
[31m [0m [2;33m/usr/local/lib/python3.12/dist-packages/pandas/io/parsers/[0m[1;33mreaders.py[0m:[94m1620[0m in         [31m [0m
[31m [0m [92m__init__[0m                                                                             [31m [0m
[31m [0m                                                                                      [31m [0m
[31m [0m   [2m1617 [0m[2m│   │   │   [0m[96mself[0m.options[[33m"[0m[33mhas_index_names[0m[33m"[0m] = kwds[[33m"[0m[33mhas_index_names[0m[33m"[0m]         [31m [0m
[31m [0m   [2m1618 [0m[2m│   │   [0m                                                                      [31m [0m
[31m [0m   [2m1619 [0m[2m│   │   [0m[96mself[0m.handles: IOHandles | [94mNone[0m = [94mNone[0m                                 [31m [0m
[31m [0m [31m❱ [0m1620 [2m│   │   [0m[96mself[0m._engine = [1;4;96mself[0m[1;4m._make_engine(f, [0m[1;4;96mself[0m[1;4m.engine)[0m                      [31m [0m
[31m [0m   [2m1621 [0m[2m│   [0m                                                                          [31m [0m
[31m [0m   [2m1622 [0m[2m│   [0m[94mdef[0m[90m [0m[92mclose[0m([96mself[0m) -> [94mNone[0m:                                                  [31m [0m
[31m [0m   [2m1623 [0m[2m│   │   [0m[94mif[0m [96mself[0m.handles [95mis[0m [95mnot[0m [94mNone[0m:                                          [31m [0m
[31m [0m                                                                                      [31m [0m
[31m [0m [2;33m/usr/local/lib/python3.12/dist-packages/pandas/io/parsers/[0m[1;33mreaders.py[0m:[94m1880[0m in         [31m [0m
[31m [0m [92m_make_engine[0m                                                                         [31m [0m
[31m [0m                                                                                      [31m [0m
[31m [0m   [2m1877 [0m[2m│   │   │   │   [0mis_text = [94mFalse[0m                                               [31m [0m
[31m [0m   [2m1878 [0m[2m│   │   │   │   [0m[94mif[0m [33m"[0m[33mb[0m[33m"[0m [95mnot[0m [95min[0m mode:                                           [31m [0m
[31m [0m   [2m1879 [0m[2m│   │   │   │   │   [0mmode += [33m"[0m[33mb[0m[33m"[0m                                               [31m [0m
[31m [0m [31m❱ [0m1880 [2m│   │   │   [0m[96mself[0m.handles = get_handle(                                        [31m [0m
[31m [0m   [2m1881 [0m[2m│   │   │   │   [0mf,                                                            [31m [0m
[31m [0m   [2m1882 [0m[2m│   │   │   │   [0mmode,                                                         [31m [0m
[31m [0m   [2m1883 [0m[2m│   │   │   │   [0mencoding=[96mself[0m.options.get([33m"[0m[33mencoding[0m[33m"[0m, [94mNone[0m),                  [31m [0m
[31m [0m                                                                                      [31m [0m
[31m [0m [2;33m/usr/local/lib/python3.12/dist-packages/pandas/io/[0m[1;33mcommon.py[0m:[94m873[0m in [92mget_handle[0m        [31m [0m
[31m [0m                                                                                      [31m [0m
[31m [0m   [2m 870 [0m[2m│   │   [0m[2m# Binary mode does not support 'encoding' and 'newline'.[0m              [31m [0m
[31m [0m   [2m 871 [0m[2m│   │   [0m[94mif[0m ioargs.encoding [95mand[0m [33m"[0m[33mb[0m[33m"[0m [95mnot[0m [95min[0m ioargs.mode:                        [31m [0m
[31m [0m   [2m 872 [0m[2m│   │   │   [0m[2m# Encoding[0m                                                        [31m [0m
[31m [0m [31m❱ [0m 873 [2m│   │   │   [0mhandle = [96mopen[0m(                                                    [31m [0m
[31m [0m   [2m 874 [0m[2m│   │   │   │   [0mhandle,                                                       [31m [0m
[31m [0m   [2m 875 [0m[2m│   │   │   │   [0mioargs.mode,                                                  [31m [0m
[31m [0m   [2m 876 [0m[2m│   │   │   │   [0mencoding=ioargs.encoding,                                     [31m [0m
[31m────────────────────────────────────────────────────────────────────────────────────────[0m
[1;91mFileNotFoundError: [0m[1m[[0mErrno [1;36m2[0m[1m][0m No such file or directory: 
[32m'/content/drive/MyDrive/Smart_Retail_Project/app/data/rfm_clustered.csv'[0m
[31m──[0m[31m────────────────────────[0m[31m [0m[1;31mTraceback [0m[1;2;31m(most recent call last)[0m[31m [0m[31m─────────────────────────[0m[31m──[0m
[31m [0m [2;33m/usr/local/lib/python3.12/dist-packages/streamlit/runtime/scriptrunner/[0m[1;33mexec_code.py[0m: [31m [0m
[31m [0m [94m129[0m in [92mexec_func_with_error_handling[0m                                                 [31m [0m
[31m [0m                                                                                      [31m [0m
[31m [0m [2;33m/usr/local/lib/python3.12/dist-packages/streamlit/runtime/scriptrunner/[0m[1;33mscript_runner[0m [31m [0m
[31m [0m [1;33m.py[0m:[94m787[0m in [92mcode_to_exec[0m                                                              [31m [0m
[31m [0m                                                                                      [31m [0m
[31m [0m [2;33m/usr/local/lib/python3.12/dist-packages/streamlit/runtime/scriptrunner/[0m[1;33mscript_runner[0m [31m [0m
[31m [0m [1;33m.py[0m:[94m171[0m in [92m_mpa_v1[0m                                                                   [31m [0m
[31m [0m                                                                                      [31m [0m
[31m [0m [2;33m/usr/local/lib/python3.12/dist-packages/streamlit/navigation/[0m[1;33mpage.py[0m:[94m490[0m in [92mrun[0m      [31m [0m
[31m [0m                                                                                      [31m [0m
[31m [0m [2;33m/content/drive/MyDrive/Smart_Retail_Project/app/pages/[0m[1;33m2_Churn_Prediction.py[0m:[94m11[0m in    [31m [0m
[31m [0m [92m<module>[0m                                                                             [31m [0m
[31m [0m                                                                                      [31m [0m
[31m [0m   [2m 8 [0mst.markdown([33m'[0m[33m---[0m[33m'[0m)                                                              [31m [0m
[31m [0m   [2m 9 [0m                                                                                [31m [0m
[31m [0m   [2m10 [0mBASE = os.path.dirname(os.path.dirname(os.path.abspath([91m__file__[0m)))              [31m [0m
[31m [0m [31m❱ [0m11 model = [1;4mjoblib.load(os.path.join(BASE, [0m[1;4;33m'[0m[1;4;33mmodels/churn_model.pkl[0m[1;4;33m'[0m[1;4m))[0m               [31m [0m
[31m [0m   [2m12 [0mscaler = joblib.load(os.path.join(BASE, [33m'[0m[33mmodels/churn_scaler.pkl[0m[33m'[0m))             [31m [0m
[31m [0m   [2m13 [0m                                                                                [31m [0m
[31m [0m   [2m14 [0mst.subheader([33m'[0m[33m🔮 Predict Customer Churn[0m[33m'[0m)                                       [31m [0m
[31m [0m                                                                                      [31m [0m
[31m [0m [2;33m/usr/local/lib/python3.12/dist-packages/joblib/[0m[1;33mnumpy_pickle.py[0m:[94m735[0m in [92mload[0m           [31m [0m
[31m [0m                                                                                      [31m [0m
[31m [0m   [2m732 [0m[2m│   │   [0m[94mwith[0m _validate_fileobject_and_memmap(fobj, filename, mmap_mode) [94mas[0m (fo [31m [0m
[31m [0m   [2m733 [0m[2m│   │   │   [0mobj = _unpickle(fobj, ensure_native_byte_order=ensure_native_byte_ [31m [0m
[31m [0m   [2m734 [0m[2m│   [0m[94melse[0m:                                                                      [31m [0m
[31m [0m [31m❱ [0m735 [2m│   │   [0m[94mwith[0m [1;4;96mopen[0m[1;4m(filename, [0m[1;4;33m"[0m[1;4;33mrb[0m[1;4;33m"[0m[1;4m)[0m [94mas[0m f:                                        [31m [0m
[31m [0m   [2m736 [0m[2m│   │   │   [0m[94mwith[0m _validate_fileobject_and_memmap(f, filename, mmap_mode) [94mas[0m (  [31m [0m
[31m [0m   [2m737 [0m[2m│   │   │   │   [0mfobj,                                                          [31m [0m
[31m [0m   [2m738 [0m[2m│   │   │   │   [0mvalidated_mmap_mode,                                           [31m [0m
[31m────────────────────────────────────────────────────────────────────────────────────────[0m
[1;91mFileNotFoundError: [0m[1m[[0mErrno [1;36m2[0m[1m][0m No such file or directory: 
[32m'/content/drive/MyDrive/Smart_Retail_Project/app/models/churn_model.pkl'[0m
[31m──[0m[31m────────────────────────[0m[31m [0m[1;31mTraceback [0m[1;2;31m(most recent call last)[0m[31m [0m[31m─────────────────────────[0m[31m──[0m
[31m [0m [2;33m/usr/local/lib/python3.12/dist-packages/streamlit/runtime/scriptrunner/[0m[1;33mexec_code.py[0m: [31m [0m
[31m [0m [94m129[0m in [92mexec_func_with_error_handling[0m                                                 [31m [0m
[31m [0m                                                                                      [31m [0m
[31m [0m [2;33m/usr/local/lib/python3.12/dist-packages/streamlit/runtime/scriptrunner/[0m[1;33mscript_runner[0m [31m [0m
[31m [0m [1;33m.py[0m:[94m787[0m in [92mcode_to_exec[0m                                                              [31m [0m
[31m [0m                                                                                      [31m [0m
[31m [0m [2;33m/usr/local/lib/python3.12/dist-packages/streamlit/runtime/scriptrunner/[0m[1;33mscript_runner[0m [31m [0m
[31m [0m [1;33m.py[0m:[94m171[0m in [92m_mpa_v1[0m                                                                   [31m [0m
[31m [0m                                                                                      [31m [0m
[31m [0m [2;33m/usr/local/lib/python3.12/dist-packages/streamlit/navigation/[0m[1;33mpage.py[0m:[94m490[0m in [92mrun[0m      [31m [0m
[31m [0m                                                                                      [31m [0m
[31m [0m [2;33m/content/drive/MyDrive/Smart_Retail_Project/app/pages/[0m[1;33m3_Sales_Forecasting.py[0m:[94m11[0m in   [31m [0m
[31m [0m [92m<module>[0m                                                                             [31m [0m
[31m [0m                                                                                      [31m [0m
[31m [0m   [2m 8 [0mst.markdown([33m'[0m[33m---[0m[33m'[0m)                                                              [31m [0m
[31m [0m   [2m 9 [0m                                                                                [31m [0m
[31m [0m   [2m10 [0mBASE = os.path.dirname(os.path.dirname(os.path.abspath([91m__file__[0m)))              [31m [0m
[31m [0m [31m❱ [0m11 weekly_sales = [1;4mpd.read_csv(os.path.join(BASE, [0m[1;4;33m'[0m[1;4;33mdata/weekly_sales.csv[0m[1;4;33m'[0m[1;4m))[0m         [31m [0m
[31m [0m   [2m12 [0mweekly_sales[[33m'[0m[33mDate[0m[33m'[0m] = pd.to_datetime(weekly_sales[[33m'[0m[33mDate[0m[33m'[0m])                     [31m [0m
[31m [0m   [2m13 [0m                                                                                [31m [0m
[31m [0m   [2m14 [0mst.subheader([33m'[0m[33m📊 Weekly Sales Trend[0m[33m'[0m)                                           [31m [0m
[31m [0m                                                                                      [31m [0m
[31m [0m [2;33m/usr/local/lib/python3.12/dist-packages/pandas/io/parsers/[0m[1;33mreaders.py[0m:[94m1026[0m in         [31m [0m
[31m [0m [92mread_csv[0m                                                                             [31m [0m
[31m [0m                                                                                      [31m [0m
[31m [0m   [2m1023 [0m[2m│   [0m)                                                                         [31m [0m
[31m [0m   [2m1024 [0m[2m│   [0mkwds.update(kwds_defaults)                                                [31m [0m
[31m [0m   [2m1025 [0m[2m│   [0m                                                                          [31m [0m
[31m [0m [31m❱ [0m1026 [2m│   [0m[94mreturn[0m [1;4m_read(filepath_or_buffer, kwds)[0m                                    [31m [0m
[31m [0m   [2m1027 [0m                                                                              [31m [0m
[31m [0m   [2m1028 [0m                                                                              [31m [0m
[31m [0m   [2m1029 [0m[2m# iterator=True -> TextFileReader[0m                                             [31m [0m
[31m [0m                                                                                      [31m [0m
[31m [0m [2;33m/usr/local/lib/python3.12/dist-packages/pandas/io/parsers/[0m[1;33mreaders.py[0m:[94m620[0m in [92m_read[0m    [31m [0m
[31m [0m                                                                                      [31m [0m
[31m [0m   [2m 617 [0m[2m│   [0m_validate_names(kwds.get([33m"[0m[33mnames[0m[33m"[0m, [94mNone[0m))                                  [31m [0m
[31m [0m   [2m 618 [0m[2m│   [0m                                                                          [31m [0m
[31m [0m   [2m 619 [0m[2m│   [0m[2m# Create the parser.[0m                                                      [31m [0m
[31m [0m [31m❱ [0m 620 [2m│   [0mparser = [1;4mTextFileReader(filepath_or_buffer, **kwds)[0m                       [31m [0m
[31m [0m   [2m 621 [0m[2m│   [0m                                                                          [31m [0m
[31m [0m   [2m 622 [0m[2m│   [0m[94mif[0m chunksize [95mor[0m iterator:                                                 [31m [0m
[31m [0m   [2m 623 [0m[2m│   │   [0m[94mreturn[0m parser                                                         [31m [0m
[31m [0m                                                                                      [31m [0m
[31m [0m [2;33m/usr/local/lib/python3.12/dist-packages/pandas/io/parsers/[0m[1;33mreaders.py[0m:[94m1620[0m in         [31m [0m
[31m [0m [92m__init__[0m                                                                             [31m [0m
[31m [0m                                                                                      [31m [0m
[31m [0m   [2m1617 [0m[2m│   │   │   [0m[96mself[0m.options[[33m"[0m[33mhas_index_names[0m[33m"[0m] = kwds[[33m"[0m[33mhas_index_names[0m[33m"[0m]         [31m [0m
[31m [0m   [2m1618 [0m[2m│   │   [0m                                                                      [31m [0m
[31m [0m   [2m1619 [0m[2m│   │   [0m[96mself[0m.handles: IOHandles | [94mNone[0m = [94mNone[0m                                 [31m [0m
[31m [0m [31m❱ [0m1620 [2m│   │   [0m[96mself[0m._engine = [1;4;96mself[0m[1;4m._make_engine(f, [0m[1;4;96mself[0m[1;4m.engine)[0m                      [31m [0m
[31m [0m   [2m1621 [0m[2m│   [0m                                                                          [31m [0m
[31m [0m   [2m1622 [0m[2m│   [0m[94mdef[0m[90m [0m[92mclose[0m([96mself[0m) -> [94mNone[0m:                                                  [31m [0m
[31m [0m   [2m1623 [0m[2m│   │   [0m[94mif[0m [96mself[0m.handles [95mis[0m [95mnot[0m [94mNone[0m:                                          [31m [0m
[31m [0m                                                                                      [31m [0m
[31m [0m [2;33m/usr/local/lib/python3.12/dist-packages/pandas/io/parsers/[0m[1;33mreaders.py[0m:[94m1880[0m in         [31m [0m
[31m [0m [92m_make_engine[0m                                                                         [31m [0m
[31m [0m                                                                                      [31m [0m
[31m [0m   [2m1877 [0m[2m│   │   │   │   [0mis_text = [94mFalse[0m                                               [31m [0m
[31m [0m   [2m1878 [0m[2m│   │   │   │   [0m[94mif[0m [33m"[0m[33mb[0m[33m"[0m [95mnot[0m [95min[0m mode:                                           [31m [0m
[31m [0m   [2m1879 [0m[2m│   │   │   │   │   [0mmode += [33m"[0m[33mb[0m[33m"[0m                                               [31m [0m
[31m [0m [31m❱ [0m1880 [2m│   │   │   [0m[96mself[0m.handles = get_handle(                                        [31m [0m
[31m [0m   [2m1881 [0m[2m│   │   │   │   [0mf,                                                            [31m [0m
[31m [0m   [2m1882 [0m[2m│   │   │   │   [0mmode,                                                         [31m [0m
[31m [0m   [2m1883 [0m[2m│   │   │   │   [0mencoding=[96mself[0m.options.get([33m"[0m[33mencoding[0m[33m"[0m, [94mNone[0m),                  [31m [0m
[31m [0m                                                                                      [31m [0m
[31m [0m [2;33m/usr/local/lib/python3.12/dist-packages/pandas/io/[0m[1;33mcommon.py[0m:[94m873[0m in [92mget_handle[0m        [31m [0m
[31m [0m                                                                                      [31m [0m
[31m [0m   [2m 870 [0m[2m│   │   [0m[2m# Binary mode does not support 'encoding' and 'newline'.[0m              [31m [0m
[31m [0m   [2m 871 [0m[2m│   │   [0m[94mif[0m ioargs.encoding [95mand[0m [33m"[0m[33mb[0m[33m"[0m [95mnot[0m [95min[0m ioargs.mode:                        [31m [0m
[31m [0m   [2m 872 [0m[2m│   │   │   [0m[2m# Encoding[0m                                                        [31m [0m
[31m [0m [31m❱ [0m 873 [2m│   │   │   [0mhandle = [96mopen[0m(                                                    [31m [0m
[31m [0m   [2m 874 [0m[2m│   │   │   │   [0mhandle,                                                       [31m [0m
[31m [0m   [2m 875 [0m[2m│   │   │   │   [0mioargs.mode,                                                  [31m [0m
[31m [0m   [2m 876 [0m[2m│   │   │   │   [0mencoding=ioargs.encoding,                                     [31m [0m
[31m────────────────────────────────────────────────────────────────────────────────────────[0m
[1;91mFileNotFoundError: [0m[1m[[0mErrno [1;36m2[0m[1m][0m No such file or directory: 
[32m'/content/drive/MyDrive/Smart_Retail_Project/app/data/weekly_sales.csv'[0m
[31m──[0m[31m────────────────────────[0m[31m [0m[1;31mTraceback [0m[1;2;31m(most recent call last)[0m[31m [0m[31m─────────────────────────[0m[31m──[0m
[31m [0m [2;33m/usr/local/lib/python3.12/dist-packages/streamlit/runtime/scriptrunner/[0m[1;33mexec_code.py[0m: [31m [0m
[31m [0m [94m129[0m in [92mexec_func_with_error_handling[0m                                                 [31m [0m
[31m [0m                                                                                      [31m [0m
[31m [0m [2;33m/usr/local/lib/python3.12/dist-packages/streamlit/runtime/scriptrunner/[0m[1;33mscript_runner[0m [31m [0m
[31m [0m [1;33m.py[0m:[94m787[0m in [92mcode_to_exec[0m                                                              [31m [0m
[31m [0m                                                                                      [31m [0m
[31m [0m [2;33m/usr/local/lib/python3.12/dist-packages/streamlit/runtime/scriptrunner/[0m[1;33mscript_runner[0m [31m [0m
[31m [0m [1;33m.py[0m:[94m171[0m in [92m_mpa_v1[0m                                                                   [31m [0m
[31m [0m                                                                                      [31m [0m
[31m [0m [2;33m/usr/local/lib/python3.12/dist-packages/streamlit/navigation/[0m[1;33mpage.py[0m:[94m490[0m in [92mrun[0m      [31m [0m
[31m [0m                                                                                      [31m [0m
[31m [0m [2;33m/content/drive/MyDrive/Smart_Retail_Project/app/pages/[0m[1;33m1_Customer_Segmentation.py[0m:[94m11[0m  [31m [0m
[31m [0m in [92m<module>[0m                                                                          [31m [0m
[31m [0m                                                                                      [31m [0m
[31m [0m   [2m 8 [0mst.markdown([33m'[0m[33m---[0m[33m'[0m)                                                              [31m [0m
[31m [0m   [2m 9 [0m                                                                                [31m [0m
[31m [0m   [2m10 [0mBASE = os.path.dirname(os.path.dirname(os.path.abspath([91m__file__[0m)))              [31m [0m
[31m [0m [31m❱ [0m11 rfm = [1;4mpd.read_csv(os.path.join(BASE, [0m[1;4;33m'[0m[1;4;33mdata/rfm_clustered.csv[0m[1;4;33m'[0m[1;4m))[0m                 [31m [0m
[31m [0m   [2m12 [0m                                                                                [31m [0m
[31m [0m   [2m13 [0mst.subheader([33m'[0m[33m📊 Customer Segments Overview[0m[33m'[0m)                                   [31m [0m
[31m [0m   [2m14 [0mcol1, col2, col3, col4 = st.columns([94m4[0m)                                          [31m [0m
[31m [0m                                                                                      [31m [0m
[31m [0m [2;33m/usr/local/lib/python3.12/dist-packages/pandas/io/parsers/[0m[1;33mreaders.py[0m:[94m1026[0m in         [31m [0m
[31m [0m [92mread_csv[0m                                                                             [31m [0m
[31m [0m                                                                                      [31m [0m
[31m [0m   [2m1023 [0m[2m│   [0m)                                                                         [31m [0m
[31m [0m   [2m1024 [0m[2m│   [0mkwds.update(kwds_defaults)                                                [31m [0m
[31m [0m   [2m1025 [0m[2m│   [0m                                                                          [31m [0m
[31m [0m [31m❱ [0m1026 [2m│   [0m[94mreturn[0m [1;4m_read(filepath_or_buffer, kwds)[0m                                    [31m [0m
[31m [0m   [2m1027 [0m                                                                              [31m [0m
[31m [0m   [2m1028 [0m                                                                              [31m [0m
[31m [0m   [2m1029 [0m[2m# iterator=True -> TextFileReader[0m                                             [31m [0m
[31m [0m                                                                                      [31m [0m
[31m [0m [2;33m/usr/local/lib/python3.12/dist-packages/pandas/io/parsers/[0m[1;33mreaders.py[0m:[94m620[0m in [92m_read[0m    [31m [0m
[31m [0m                                                                                      [31m [0m
[31m [0m   [2m 617 [0m[2m│   [0m_validate_names(kwds.get([33m"[0m[33mnames[0m[33m"[0m, [94mNone[0m))                                  [31m [0m
[31m [0m   [2m 618 [0m[2m│   [0m                                                                          [31m [0m
[31m [0m   [2m 619 [0m[2m│   [0m[2m# Create the parser.[0m                                                      [31m [0m
[31m [0m [31m❱ [0m 620 [2m│   [0mparser = [1;4mTextFileReader(filepath_or_buffer, **kwds)[0m                       [31m [0m
[31m [0m   [2m 621 [0m[2m│   [0m                                                                          [31m [0m
[31m [0m   [2m 622 [0m[2m│   [0m[94mif[0m chunksize [95mor[0m iterator:                                                 [31m [0m
[31m [0m   [2m 623 [0m[2m│   │   [0m[94mreturn[0m parser                                                         [31m [0m
[31m [0m                                                                                      [31m [0m
[31m [0m [2;33m/usr/local/lib/python3.12/dist-packages/pandas/io/parsers/[0m[1;33mreaders.py[0m:[94m1620[0m in         [31m [0m
[31m [0m [92m__init__[0m                                                                             [31m [0m
[31m [0m                                                                                      [31m [0m
[31m [0m   [2m1617 [0m[2m│   │   │   [0m[96mself[0m.options[[33m"[0m[33mhas_index_names[0m[33m"[0m] = kwds[[33m"[0m[33mhas_index_names[0m[33m"[0m]         [31m [0m
[31m [0m   [2m1618 [0m[2m│   │   [0m                                                                      [31m [0m
[31m [0m   [2m1619 [0m[2m│   │   [0m[96mself[0m.handles: IOHandles | [94mNone[0m = [94mNone[0m                                 [31m [0m
[31m [0m [31m❱ [0m1620 [2m│   │   [0m[96mself[0m._engine = [1;4;96mself[0m[1;4m._make_engine(f, [0m[1;4;96mself[0m[1;4m.engine)[0m                      [31m [0m
[31m [0m   [2m1621 [0m[2m│   [0m                                                                          [31m [0m
[31m [0m   [2m1622 [0m[2m│   [0m[94mdef[0m[90m [0m[92mclose[0m([96mself[0m) -> [94mNone[0m:                                                  [31m [0m
[31m [0m   [2m1623 [0m[2m│   │   [0m[94mif[0m [96mself[0m.handles [95mis[0m [95mnot[0m [94mNone[0m:                                          [31m [0m
[31m [0m                                                                                      [31m [0m
[31m [0m [2;33m/usr/local/lib/python3.12/dist-packages/pandas/io/parsers/[0m[1;33mreaders.py[0m:[94m1880[0m in         [31m [0m
[31m [0m [92m_make_engine[0m                                                                         [31m [0m
[31m [0m                                                                                      [31m [0m
[31m [0m   [2m1877 [0m[2m│   │   │   │   [0mis_text = [94mFalse[0m                                               [31m [0m
[31m [0m   [2m1878 [0m[2m│   │   │   │   [0m[94mif[0m [33m"[0m[33mb[0m[33m"[0m [95mnot[0m [95min[0m mode:                                           [31m [0m
[31m [0m   [2m1879 [0m[2m│   │   │   │   │   [0mmode += [33m"[0m[33mb[0m[33m"[0m                                               [31m [0m
[31m [0m [31m❱ [0m1880 [2m│   │   │   [0m[96mself[0m.handles = get_handle(                                        [31m [0m
[31m [0m   [2m1881 [0m[2m│   │   │   │   [0mf,                                                            [31m [0m
[31m [0m   [2m1882 [0m[2m│   │   │   │   [0mmode,                                                         [31m [0m
[31m [0m   [2m1883 [0m[2m│   │   │   │   [0mencoding=[96mself[0m.options.get([33m"[0m[33mencoding[0m[33m"[0m, [94mNone[0m),                  [31m [0m
[31m [0m                                                                                      [31m [0m
[31m [0m [2;33m/usr/local/lib/python3.12/dist-packages/pandas/io/[0m[1;33mcommon.py[0m:[94m873[0m in [92mget_handle[0m        [31m [0m
[31m [0m                                                                                      [31m [0m
[31m [0m   [2m 870 [0m[2m│   │   [0m[2m# Binary mode does not support 'encoding' and 'newline'.[0m              [31m [0m
[31m [0m   [2m 871 [0m[2m│   │   [0m[94mif[0m ioargs.encoding [95mand[0m [33m"[0m[33mb[0m[33m"[0m [95mnot[0m [95min[0m ioargs.mode:                        [31m [0m
[31m [0m   [2m 872 [0m[2m│   │   │   [0m[2m# Encoding[0m                                                        [31m [0m
[31m [0m [31m❱ [0m 873 [2m│   │   │   [0mhandle = [96mopen[0m(                                                    [31m [0m
[31m [0m   [2m 874 [0m[2m│   │   │   │   [0mhandle,                                                       [31m [0m
[31m [0m   [2m 875 [0m[2m│   │   │   │   [0mioargs.mode,                                                  [31m [0m
[31m [0m   [2m 876 [0m[2m│   │   │   │   [0mencoding=ioargs.encoding,                                     [31m [0m
[31m────────────────────────────────────────────────────────────────────────────────────────[0m
[1;91mFileNotFoundError: [0m[1m[[0mErrno [1;36m2[0m[1m][0m No such file or directory: 
[32m'/content/drive/MyDrive/Smart_Retail_Project/app/data/rfm_clustered.csv'[0m
  Stopping...

Collecting usage statistics. To deactivate, set browser.gatherUsageStats to false.

2026-06-22 20:40:38.352 Uvicorn server started on 0.0.0.0:8501

  You can now view your Streamlit app in your browser.

  Local URL: http://localhost:8501
  Network URL: http://172.28.0.12:8501
  External URL: http://8.235.115.154:8501

2026-06-22 20:41:01.298 Please replace `use_container_width` with `width`.

`use_container_width` will be removed after 2025-12-31.

For `use_container_width=True`, use `width='stretch'`. For `use_container_width=False`, use `width='content'`.
2026-06-22 20:41:23.553 Please replace `use_container_width` with `width`.

`use_container_width` will be removed after 2025-12-31.

For `use_container_width=True`, use `width='stretch'`. For `use_container_width=False`, use `width='content'`.
/usr/local/lib/python3.12/dist-packages/sklearn/utils/validation.py:2739: UserWarning: X does not have valid feature names, but StandardScaler was fitted with feature names
  warnings.warn(
/usr/local/lib/python3.12/dist-packages/sklearn/utils/validation.py:2739: UserWarning: X does not have valid feature names, but StandardScaler was fitted with feature names
  warnings.warn(
2026-06-22 20:41:48.281 The `use_column_width` parameter has been deprecated and will be removed in a future release. Please utilize the `width` parameter instead.
2026-06-22 20:41:48.375 The `use_column_width` parameter has been deprecated and will be removed in a future release. Please utilize the `width` parameter instead.
2026-06-22 20:42:19.685794: W tensorflow/core/common_runtime/gpu/gpu_bfc_allocator.cc:47] Overriding orig_value setting because the TF_FORCE_GPU_ALLOW_GROWTH environment variable is set. Original config value was 0.
WARNING: All log messages before absl::InitializeLog() is called are written to STDERR
I0000 00:00:1782160939.687641   33545 gpu_device.cc:2020] Created device /job:localhost/replica:0/task:0/device:GPU:0 with 12585 MB memory:  -> device: 0, name: Tesla T4, pci bus id: 0000:00:04.0, compute capability: 7.5
WARNING:absl:Compiled the loaded model, but the compiled metrics have yet to be built. `model.compile_metrics` will be empty until you train or evaluate the model.
2026-06-22 20:42:23.975 The `use_column_width` parameter has been deprecated and will be removed in a future release. Please utilize the `width` parameter instead.
  Stopping...

Collecting usage statistics. To deactivate, set browser.gatherUsageStats to false.

2026-06-22 20:44:27.154 Uvicorn server started on 0.0.0.0:8501

  You can now view your Streamlit app in your browser.

  Local URL: http://localhost:8501
  Network URL: http://172.28.0.12:8501
  External URL: http://8.235.115.154:8501

2026-06-22 20:45:32.303 Please replace `use_container_width` with `width`.

`use_container_width` will be removed after 2025-12-31.

For `use_container_width=True`, use `width='stretch'`. For `use_container_width=False`, use `width='content'`.
2026-06-22 20:46:25.656 Please replace `use_container_width` with `width`.

`use_container_width` will be removed after 2025-12-31.

For `use_container_width=True`, use `width='stretch'`. For `use_container_width=False`, use `width='content'`.
2026-06-22 20:46:37.113 Please replace `use_container_width` with `width`.

`use_container_width` will be removed after 2025-12-31.

For `use_container_width=True`, use `width='stretch'`. For `use_container_width=False`, use `width='content'`.
2026-06-22 20:46:37.327 Please replace `use_container_width` with `width`.

`use_container_width` will be removed after 2025-12-31.

For `use_container_width=True`, use `width='stretch'`. For `use_container_width=False`, use `width='content'`.
/usr/local/lib/python3.12/dist-packages/sklearn/utils/validation.py:2739: UserWarning: X does not have valid feature names, but StandardScaler was fitted with feature names
  warnings.warn(
/usr/local/lib/python3.12/dist-packages/sklearn/utils/validation.py:2739: UserWarning: X does not have valid feature names, but StandardScaler was fitted with feature names
  warnings.warn(
2026-06-22 20:47:41.543 The `use_column_width` parameter has been deprecated and will be removed in a future release. Please utilize the `width` parameter instead.
2026-06-22 20:47:41.703 The `use_column_width` parameter has been deprecated and will be removed in a future release. Please utilize the `width` parameter instead.
2026-06-22 20:48:12.422629: W tensorflow/core/common_runtime/gpu/gpu_bfc_allocator.cc:47] Overriding orig_value setting because the TF_FORCE_GPU_ALLOW_GROWTH environment variable is set. Original config value was 0.
WARNING: All log messages before absl::InitializeLog() is called are written to STDERR
I0000 00:00:1782161292.424529   35112 gpu_device.cc:2020] Created device /job:localhost/replica:0/task:0/device:GPU:0 with 12585 MB memory:  -> device: 0, name: Tesla T4, pci bus id: 0000:00:04.0, compute capability: 7.5
WARNING:absl:Compiled the loaded model, but the compiled metrics have yet to be built. `model.compile_metrics` will be empty until you train or evaluate the model.
2026-06-22 20:48:14.566 The `use_column_width` parameter has been deprecated and will be removed in a future release. Please utilize the `width` parameter instead.
